<?xml version="1.0" encoding="utf-8"?><testsuites name="pytest tests"><testsuite name="pytest" errors="0" failures="0" skipped="0" tests="17" time="25.945" timestamp="2026-04-05T16:58:02.164960+00:00" hostname="agent-env-c538fa8e-832d-4dcc-9c93-4ab3d025e4ee"><testcase classname="backend.tests.test_neo_editor_api.TestHealthAndRoot" name="test_api_root" time="0.163" /><testcase classname="backend.tests.test_neo_editor_api.TestQueryExecution" name="test_execute_sqlite_select" time="0.126" /><testcase classname="backend.tests.test_neo_editor_api.TestQueryExecution" name="test_execute_query_with_comments" time="0.146" /><testcase classname="backend.tests.test_neo_editor_api.TestQueryExecution" name="test_execute_mysql_select" time="0.146" /><testcase classname="backend.tests.test_neo_editor_api.TestQueryExecution" name="test_execute_postgresql_select" time="0.146" /><testcase classname="backend.tests.test_neo_editor_api.TestQueryExecution" name="test_execute_invalid_query" time="0.106" /><testcase classname="backend.tests.test_neo_editor_api.TestQueryHistory" name="test_get_history" time="0.111" /><testcase classname="backend.tests.test_neo_editor_api.TestQueryHistory" name="test_history_contains_recent_queries" time="0.251" /><testcase classname="backend.tests.test_neo_editor_api.TestSnippets" name="test_get_snippets" time="0.125" /><testcase classname="backend.tests.test_neo_editor_api.TestStats" name="test_get_stats" time="0.106" /><testcase classname="backend.tests.test_neo_editor_api.TestDebug" name="test_debug_query" time="12.438" /><testcase classname="backend.tests.test_neo_editor_api.TestDebug" name="test_debug_without_error" time="11.294" /><testcase classname="backend.tests.test_neo_editor_api.TestExport" name="test_export_csv" time="0.114" /><testcase classname="backend.tests.test_neo_editor_api.TestExport" name="test_export_json" time="0.122" /><testcase classname="backend.tests.test_neo_editor_api.TestExport" name="test_export_excel" time="0.115" /><testcase classname="backend.tests.test_neo_editor_api.TestSettings" name="test_get_settings" time="0.110" /><testcase classname="backend.tests.test_neo_editor_api.TestFormatQuery" name="test_format_query" time="0.109" /></testsuite></testsuites>